-------------------------------------------------------------------------------
Test set: com.sistemagestionpedidos.PedidoProductoIntegrationTest
-------------------------------------------------------------------------------
Tests run: 1, Failures: 1, Errors: 0, Skipped: 0, Time elapsed: 0.020 s <<< FAILURE! -- in com.sistemagestionpedidos.PedidoProductoIntegrationTest
com.sistemagestionpedidos.PedidoProductoIntegrationTest.deberiaCalcularTotalCorrectamente -- Time elapsed: 0.014 s <<< FAILURE!
org.opentest4j.AssertionFailedError: expected: <85.0> but was: <86.3>
	at org.junit.jupiter.api.AssertionFailureBuilder.build(AssertionFailureBuilder.java:158)
	at org.junit.jupiter.api.AssertionFailureBuilder.buildAndThrow(AssertionFailureBuilder.java:139)
	at org.junit.jupiter.api.AssertEquals.failNotEqual(AssertEquals.java:201)
	at org.junit.jupiter.api.AssertEquals.assertEquals(AssertEquals.java:72)
	at org.junit.jupiter.api.AssertEquals.assertEquals(AssertEquals.java:67)
	at org.junit.jupiter.api.Assertions.assertEquals(Assertions.java:924)
	at com.sistemagestionpedidos.PedidoProductoIntegrationTest.deberiaCalcularTotalCorrectamente(PedidoProductoIntegrationTest.java:23)

