-------------------------------------------------------------------------------
Test set: com.sistemagestionpedidos.MasterGroupTest
-------------------------------------------------------------------------------
Tests run: 24, Failures: 4, Errors: 3, Skipped: 0, Time elapsed: 0.224 s <<< FAILURE! -- in com.sistemagestionpedidos.MasterGroupTest
com.sistemagestionpedidos.MasterGroupTest.testRealizarVentaSoloFisicoSinIvaDigital -- Time elapsed: 0.021 s <<< FAILURE!
org.opentest4j.AssertionFailedError: La venta solo con productos fisicos deberia calcular el envio segun el peso total ==> expected: <0.4> but was: <0.0>
	at org.junit.jupiter.api.AssertionFailureBuilder.build(AssertionFailureBuilder.java:158)
	at org.junit.jupiter.api.AssertionFailureBuilder.buildAndThrow(AssertionFailureBuilder.java:139)
	at org.junit.jupiter.api.AssertEquals.failNotEqual(AssertEquals.java:201)
	at org.junit.jupiter.api.AssertEquals.assertEquals(AssertEquals.java:72)
	at org.junit.jupiter.api.Assertions.assertEquals(Assertions.java:964)
	at com.sistemagestionpedidos.MasterGroupTest.testRealizarVentaSoloFisicoSinIvaDigital(MasterGroupTest.java:117)

com.sistemagestionpedidos.MasterGroupTest.testCalcularIvaConTiposAlternativos(String, double)[1] -- Time elapsed: 0.022 s <<< FAILURE!
org.opentest4j.AssertionFailedError: El IVA calculado deberia coincidir con el tipo de IVA solicitado para los productos digitales ==> expected: <5.0> but was: <5.000000000000007>
	at org.junit.jupiter.api.AssertionFailureBuilder.build(AssertionFailureBuilder.java:158)
	at org.junit.jupiter.api.AssertionFailureBuilder.buildAndThrow(AssertionFailureBuilder.java:139)
	at org.junit.jupiter.api.AssertEquals.failNotEqual(AssertEquals.java:201)
	at org.junit.jupiter.api.AssertEquals.assertEquals(AssertEquals.java:72)
	at org.junit.jupiter.api.Assertions.assertEquals(Assertions.java:964)
	at com.sistemagestionpedidos.MasterGroupTest.testCalcularIvaConTiposAlternativos(MasterGroupTest.java:292)

com.sistemagestionpedidos.MasterGroupTest.testRealizarVentaConPaisVacioFalla -- Time elapsed: 0.002 s <<< ERROR!
java.lang.IllegalArgumentException: El pais no puede estar vacio
	at com.sistemagestionpedidos.Cliente.<init>(Cliente.java:26)
	at com.sistemagestionpedidos.MasterGroupTest.testRealizarVentaConPaisVacioFalla(MasterGroupTest.java:96)

com.sistemagestionpedidos.MasterGroupTest.testPedidoCreadoConColeccionesDebeCalcularTotal -- Time elapsed: 0.002 s <<< FAILURE!
org.opentest4j.AssertionFailedError: El total del pedido creado con colecciones deberia sumar correctamente todos los importes ==> expected: <50.0> but was: <56.3>
	at org.junit.jupiter.api.AssertionFailureBuilder.build(AssertionFailureBuilder.java:158)
	at org.junit.jupiter.api.AssertionFailureBuilder.buildAndThrow(AssertionFailureBuilder.java:139)
	at org.junit.jupiter.api.AssertEquals.failNotEqual(AssertEquals.java:201)
	at org.junit.jupiter.api.AssertEquals.assertEquals(AssertEquals.java:72)
	at org.junit.jupiter.api.Assertions.assertEquals(Assertions.java:964)
	at com.sistemagestionpedidos.MasterGroupTest.testPedidoCreadoConColeccionesDebeCalcularTotal(MasterGroupTest.java:195)

com.sistemagestionpedidos.MasterGroupTest.testRealizarVentaConPaisNuloFalla -- Time elapsed: 0.001 s <<< ERROR!
java.lang.IllegalArgumentException: El pais no puede estar vacio
	at com.sistemagestionpedidos.Cliente.<init>(Cliente.java:26)
	at com.sistemagestionpedidos.MasterGroupTest.testRealizarVentaConPaisNuloFalla(MasterGroupTest.java:83)

com.sistemagestionpedidos.MasterGroupTest.testRealizarVentaConPedidoVacioFalla -- Time elapsed: 0.002 s <<< FAILURE!
org.opentest4j.AssertionFailedError: Una venta con un pedido vacio deberia lanzar IllegalArgumentException ==> Unexpected exception type thrown, expected: <java.lang.IllegalArgumentException> but was: <java.lang.IllegalStateException>
	at org.junit.jupiter.api.AssertionFailureBuilder.build(AssertionFailureBuilder.java:158)
	at org.junit.jupiter.api.AssertThrows.assertThrows(AssertThrows.java:68)
	at org.junit.jupiter.api.AssertThrows.assertThrows(AssertThrows.java:40)
	at org.junit.jupiter.api.Assertions.assertThrows(Assertions.java:3249)
	at com.sistemagestionpedidos.MasterGroupTest.testRealizarVentaConPedidoVacioFalla(MasterGroupTest.java:44)
Caused by: java.lang.IllegalStateException: El pedido no tiene productos
	at com.sistemagestionpedidos.Pedido.calcularTotal(Pedido.java:115)
	at com.sistemagestionpedidos.Tienda.realizarVenta(Tienda.java:29)
	at com.sistemagestionpedidos.MasterGroupTest.lambda$testRealizarVentaConPedidoVacioFalla$0(MasterGroupTest.java:45)
	at org.junit.jupiter.api.AssertThrows.assertThrows(AssertThrows.java:54)
	... 3 more

com.sistemagestionpedidos.MasterGroupTest.testCambiarIdDeProductoNoDeberiaRomperPedido -- Time elapsed: 0.001 s <<< ERROR!
java.lang.NullPointerException: Cannot invoke "java.lang.Integer.intValue()" because the return value of "java.util.Map.get(Object)" is null
	at com.sistemagestionpedidos.Pedido.calcularTotal(Pedido.java:122)
	at com.sistemagestionpedidos.MasterGroupTest.testCambiarIdDeProductoNoDeberiaRomperPedido(MasterGroupTest.java:276)

