<?xml version="1.0" encoding="UTF-8"?>
<testsuite xmlns:xsi="http://www.w3.org/2001/XMLSchema-instance" xsi:noNamespaceSchemaLocation="https://maven.apache.org/surefire/maven-surefire-plugin/xsd/surefire-test-report.xsd" version="3.0.2" name="com.sistemagestionpedidos.MasterGroupTest" time="0.224" tests="24" errors="3" skipped="0" failures="4">
  <properties>
[...]
</properties>
  <testcase name="testPedidoNoDebeCompartirListaExterna" classname="com.sistemagestionpedidos.MasterGroupTest" time="0.024"/>
  <testcase name="testCalcularEnvioSoloDigitalDebeSerCero" classname="com.sistemagestionpedidos.MasterGroupTest" time="0.005"/>
  <testcase name="testRealizarVentaSoloFisicoSinIvaDigital" classname="com.sistemagestionpedidos.MasterGroupTest" time="0.021">
    <failure message="La venta solo con productos fisicos deberia calcular el envio segun el peso total ==&gt; expected: &lt;0.4&gt; but was: &lt;0.0&gt;" type="org.opentest4j.AssertionFailedError"><![CDATA[org.opentest4j.AssertionFailedError: La venta solo con productos fisicos deberia calcular el envio segun el peso total ==> expected: <0.4> but was: <0.0>
	at org.junit.jupiter.api.AssertionFailureBuilder.build(AssertionFailureBuilder.java:158)
	at org.junit.jupiter.api.AssertionFailureBuilder.buildAndThrow(AssertionFailureBuilder.java:139)
	at org.junit.jupiter.api.AssertEquals.failNotEqual(AssertEquals.java:201)
	at org.junit.jupiter.api.AssertEquals.assertEquals(AssertEquals.java:72)
	at org.junit.jupiter.api.Assertions.assertEquals(Assertions.java:964)
	at com.sistemagestionpedidos.MasterGroupTest.testRealizarVentaSoloFisicoSinIvaDigital(MasterGroupTest.java:117)
]]></failure>
  </testcase>
  <testcase name="testGettersDePedidoNoDeberianPermitirMutacionExterna" classname="com.sistemagestionpedidos.MasterGroupTest" time="0.001"/>
  <testcase name="testCalcularIvaConTiposAlternativos(String, double)[1]" classname="com.sistemagestionpedidos.MasterGroupTest" time="0.022">
    <failure message="El IVA calculado deberia coincidir con el tipo de IVA solicitado para los productos digitales ==&gt; expected: &lt;5.0&gt; but was: &lt;5.000000000000007&gt;" type="org.opentest4j.AssertionFailedError"><![CDATA[org.opentest4j.AssertionFailedError: El IVA calculado deberia coincidir con el tipo de IVA solicitado para los productos digitales ==> expected: <5.0> but was: <5.000000000000007>
	at org.junit.jupiter.api.AssertionFailureBuilder.build(AssertionFailureBuilder.java:158)
	at org.junit.jupiter.api.AssertionFailureBuilder.buildAndThrow(AssertionFailureBuilder.java:139)
	at org.junit.jupiter.api.AssertEquals.failNotEqual(AssertEquals.java:201)
	at org.junit.jupiter.api.AssertEquals.assertEquals(AssertEquals.java:72)
	at org.junit.jupiter.api.Assertions.assertEquals(Assertions.java:964)
	at com.sistemagestionpedidos.MasterGroupTest.testCalcularIvaConTiposAlternativos(MasterGroupTest.java:292)
]]></failure>
  </testcase>
  <testcase name="testCalcularIvaConTiposAlternativos(String, double)[2]" classname="com.sistemagestionpedidos.MasterGroupTest" time="0.002"/>
  <testcase name="testPedidoNoDebeCompartirMapaExterno" classname="com.sistemagestionpedidos.MasterGroupTest" time="0.001"/>
  <testcase name="testPedidoDebePermitirCreacionConColeccionesIniciales" classname="com.sistemagestionpedidos.MasterGroupTest" time="0.001"/>
  <testcase name="testFacturaSettersYGetters" classname="com.sistemagestionpedidos.MasterGroupTest" time="0.001"/>
  <testcase name="testPedidoCreadoConColeccionesDebeFallarSiFaltaCantidad" classname="com.sistemagestionpedidos.MasterGroupTest" time="0.001"/>
  <testcase name="testRealizarVentaSoloProductosGenericosEnPortugalSinEnvio" classname="com.sistemagestionpedidos.MasterGroupTest" time="0.001"/>
  <testcase name="testRealizarVentaSoloProductosGenericosSinEnvioNiIva" classname="com.sistemagestionpedidos.MasterGroupTest" time="0.0"/>
  <testcase name="testRealizarVentaConPaisVacioFalla" classname="com.sistemagestionpedidos.MasterGroupTest" time="0.002">
    <error message="El pais no puede estar vacio" type="java.lang.IllegalArgumentException"><![CDATA[java.lang.IllegalArgumentException: El pais no puede estar vacio
	at com.sistemagestionpedidos.Cliente.<init>(Cliente.java:26)
	at com.sistemagestionpedidos.MasterGroupTest.testRealizarVentaConPaisVacioFalla(MasterGroupTest.java:96)
]]></error>
  </testcase>
  <testcase name="testPedidoCreadoConColeccionesDebeCalcularTotal" classname="com.sistemagestionpedidos.MasterGroupTest" time="0.002">
    <failure message="El total del pedido creado con colecciones deberia sumar correctamente todos los importes ==&gt; expected: &lt;50.0&gt; but was: &lt;56.3&gt;" type="org.opentest4j.AssertionFailedError"><![CDATA[org.opentest4j.AssertionFailedError: El total del pedido creado con colecciones deberia sumar correctamente todos los importes ==> expected: <50.0> but was: <56.3>
	at org.junit.jupiter.api.AssertionFailureBuilder.build(AssertionFailureBuilder.java:158)
	at org.junit.jupiter.api.AssertionFailureBuilder.buildAndThrow(AssertionFailureBuilder.java:139)
	at org.junit.jupiter.api.AssertEquals.failNotEqual(AssertEquals.java:201)
	at org.junit.jupiter.api.AssertEquals.assertEquals(AssertEquals.java:72)
	at org.junit.jupiter.api.Assertions.assertEquals(Assertions.java:964)
	at com.sistemagestionpedidos.MasterGroupTest.testPedidoCreadoConColeccionesDebeCalcularTotal(MasterGroupTest.java:195)
]]></failure>
  </testcase>
  <testcase name="testRealizarVentaGeneraCodigosDistintos" classname="com.sistemagestionpedidos.MasterGroupTest" time="0.002"/>
  <testcase name="testFacturaConstructorConTodosLosCampos" classname="com.sistemagestionpedidos.MasterGroupTest" time="0.001"/>
  <testcase name="testRealizarVentaMantieneLaIdentidadAritmetica" classname="com.sistemagestionpedidos.MasterGroupTest" time="0.001"/>
  <testcase name="testRealizarVentaConPaisNuloFalla" classname="com.sistemagestionpedidos.MasterGroupTest" time="0.001">
    <error message="El pais no puede estar vacio" type="java.lang.IllegalArgumentException"><![CDATA[java.lang.IllegalArgumentException: El pais no puede estar vacio
	at com.sistemagestionpedidos.Cliente.<init>(Cliente.java:26)
	at com.sistemagestionpedidos.MasterGroupTest.testRealizarVentaConPaisNuloFalla(MasterGroupTest.java:83)
]]></error>
  </testcase>
  <testcase name="testFacturaToStringIncluyeContenidoEsperado" classname="com.sistemagestionpedidos.MasterGroupTest" time="0.002"/>
  <testcase name="testCalcularEnvioSinProductosFisicos" classname="com.sistemagestionpedidos.MasterGroupTest" time="0.001"/>
  <testcase name="testRealizarVentaConPedidoVacioFalla" classname="com.sistemagestionpedidos.MasterGroupTest" time="0.002">
    <failure message="Una venta con un pedido vacio deberia lanzar IllegalArgumentException ==&gt; Unexpected exception type thrown, expected: &lt;java.lang.IllegalArgumentException&gt; but was: &lt;java.lang.IllegalStateException&gt;" type="org.opentest4j.AssertionFailedError"><![CDATA[org.opentest4j.AssertionFailedError: Una venta con un pedido vacio deberia lanzar IllegalArgumentException ==> Unexpected exception type thrown, expected: <java.lang.IllegalArgumentException> but was: <java.lang.IllegalStateException>
	at org.junit.jupiter.api.AssertionFailureBuilder.build(AssertionFailureBuilder.java:158)
	at org.junit.jupiter.api.AssertThrows.assertThrows(AssertThrows.java:68)
	at org.junit.jupiter.api.AssertThrows.assertThrows(AssertThrows.java:40)
	at org.junit.jupiter.api.Assertions.assertThrows(Assertions.java:3249)
	at com.sistemagestionpedidos.MasterGroupTest.testRealizarVentaConPedidoVacioFalla(MasterGroupTest.java:44)
Caused by: java.lang.IllegalStateException: El pedido no tiene productos
	at com.sistemagestionpedidos.Pedido.calcularTotal(Pedido.java:115)
	at com.sistemagestionpedidos.Tienda.realizarVenta(Tienda.java:29)
	at com.sistemagestionpedidos.MasterGroupTest.lambda$testRealizarVentaConPedidoVacioFalla$0(MasterGroupTest.java:45)
	at org.junit.jupiter.api.AssertThrows.assertThrows(AssertThrows.java:54)
	... 3 more
]]></failure>
  </testcase>
  <testcase name="testRealizarVentaGeneraMetadatosFactura" classname="com.sistemagestionpedidos.MasterGroupTest" time="0.002"/>
  <testcase name="testRealizarVentaConClienteDistintoAlPedidoFalla" classname="com.sistemagestionpedidos.MasterGroupTest" time="0.001"/>
  <testcase name="testCambiarIdDeProductoNoDeberiaRomperPedido" classname="com.sistemagestionpedidos.MasterGroupTest" time="0.001">
    <error message="Cannot invoke &quot;java.lang.Integer.intValue()&quot; because the return value of &quot;java.util.Map.get(Object)&quot; is null" type="java.lang.NullPointerException"><![CDATA[java.lang.NullPointerException: Cannot invoke "java.lang.Integer.intValue()" because the return value of "java.util.Map.get(Object)" is null
	at com.sistemagestionpedidos.Pedido.calcularTotal(Pedido.java:122)
	at com.sistemagestionpedidos.MasterGroupTest.testCambiarIdDeProductoNoDeberiaRomperPedido(MasterGroupTest.java:276)
]]></error>
  </testcase>
</testsuite>